<!DOCTYPE html>

<html>
  <head>
  <meta charset='utf-8'>
  <title>TestNG reports</title>

    <link type="text/css" href="testng-reports.css" rel="stylesheet" />
    <script type="text/javascript" src="jquery-1.7.1.min.js"></script>
    <script type="text/javascript" src="testng-reports.js"></script>
    <script type="text/javascript" src="https://www.google.com/jsapi"></script>
    <script type='text/javascript'>
      google.load('visualization', '1', {packages:['table']});
      google.setOnLoadCallback(drawTable);
      var suiteTableInitFunctions = new Array();
      var suiteTableData = new Array();
    </script>
    <!--
      <script type="text/javascript" src="jquery-ui/js/jquery-ui-1.8.16.custom.min.js"></script>
     -->
  </head>

  <body>
    <div class="top-banner-root">
      <span class="top-banner-title-font">Test results</span>
      <br/>
      <span class="top-banner-font-1">1 suite</span>
    </div> <!-- top-banner-root -->
    <div class="navigator-root">
      <div class="navigator-suite-header">
        <span>All suites</span>
        <a href="#" class="collapse-all-link" title="Collapse/expand all the suites">
          <img class="collapse-all-icon" src="collapseall.gif">
          </img> <!-- collapse-all-icon -->
        </a> <!-- collapse-all-link -->
      </div> <!-- navigator-suite-header -->
      <div class="suite">
        <div class="rounded-window">
          <div class="suite-header light-rounded-window-top">
            <a href="#" class="navigator-link" panel-name="suite-BSB_Functional_TestCases_Suite">
              <span class="suite-name border-skipped">BSB_Functional_TestCases_Suite</span>
            </a> <!-- navigator-link -->
          </div> <!-- suite-header light-rounded-window-top -->
          <div class="navigator-suite-content">
            <div class="suite-section-title">
              <span>Info</span>
            </div> <!-- suite-section-title -->
            <div class="suite-section-content">
              <ul>
                <li>
                  <a href="#" class="navigator-link " panel-name="test-xml-BSB_Functional_TestCases_Suite">
                    <span>C:\Users\Admin\eclipse-workspace\BSB1v\Build\BSB_Package_Index.xml</span>
                  </a> <!-- navigator-link  -->
                </li>
                <li>
                  <a href="#" class="navigator-link " panel-name="testlist-BSB_Functional_TestCases_Suite">
                    <span class="test-stats">1 test</span>
                  </a> <!-- navigator-link  -->
                </li>
                <li>
                  <a href="#" class="navigator-link " panel-name="group-BSB_Functional_TestCases_Suite">
                    <span>1 group</span>
                  </a> <!-- navigator-link  -->
                </li>
                <li>
                  <a href="#" class="navigator-link " panel-name="times-BSB_Functional_TestCases_Suite">
                    <span>Times</span>
                  </a> <!-- navigator-link  -->
                </li>
                <li>
                  <a href="#" class="navigator-link " panel-name="reporter-BSB_Functional_TestCases_Suite">
                    <span>Reporter output</span>
                  </a> <!-- navigator-link  -->
                </li>
                <li>
                  <a href="#" class="navigator-link " panel-name="ignored-methods-BSB_Functional_TestCases_Suite">
                    <span>Ignored methods</span>
                  </a> <!-- navigator-link  -->
                </li>
                <li>
                  <a href="#" class="navigator-link " panel-name="chronological-BSB_Functional_TestCases_Suite">
                    <span>Chronological view</span>
                  </a> <!-- navigator-link  -->
                </li>
              </ul>
            </div> <!-- suite-section-content -->
            <div class="result-section">
              <div class="suite-section-title">
                <span>Results</span>
              </div> <!-- suite-section-title -->
              <div class="suite-section-content">
                <ul>
                  <li>
                    <span class="method-stats">2 methods,  2 skipped,  </span>
                  </li>
                  <li>
                    <span class="method-list-title skipped">Skipped methods</span>
                    <span class="show-or-hide-methods skipped">
                      <a href="#" panel-name="suite-BSB_Functional_TestCases_Suite" class="hide-methods skipped suite-BSB_Functional_TestCases_Suite"> (hide)</a> <!-- hide-methods skipped suite-BSB_Functional_TestCases_Suite -->
                      <a href="#" panel-name="suite-BSB_Functional_TestCases_Suite" class="show-methods skipped suite-BSB_Functional_TestCases_Suite"> (show)</a> <!-- show-methods skipped suite-BSB_Functional_TestCases_Suite -->
                    </span>
                    <div class="method-list-content skipped suite-BSB_Functional_TestCases_Suite">
                      <span>
                        <img width="3%" src="skipped.png"/>
                        <a href="#" class="method navigator-link" panel-name="suite-BSB_Functional_TestCases_Suite" title="com.automation.index.Steps" hash-for-method="Program_TestCase_06">Program_TestCase_06</a> <!-- method navigator-link -->
                      </span>
                      <br/>
                      <span>
                        <img width="3%" src="skipped.png"/>
                        <a href="#" class="method navigator-link" panel-name="suite-BSB_Functional_TestCases_Suite" title="com.automation.index.Steps" hash-for-method="Program_TestCase_06">Program_TestCase_06</a> <!-- method navigator-link -->
                      </span>
                      <br/>
                    </div> <!-- method-list-content skipped suite-BSB_Functional_TestCases_Suite -->
                  </li>
                </ul>
              </div> <!-- suite-section-content -->
            </div> <!-- result-section -->
          </div> <!-- navigator-suite-content -->
        </div> <!-- rounded-window -->
      </div> <!-- suite -->
    </div> <!-- navigator-root -->
    <div class="wrapper">
      <div class="main-panel-root">
        <div panel-name="suite-BSB_Functional_TestCases_Suite" class="panel BSB_Functional_TestCases_Suite">
          <div class="suite-BSB_Functional_TestCases_Suite-class-skipped">
            <div class="main-panel-header rounded-window-top">
              <img src="skipped.png"/>
              <span class="class-name">com.automation.index.Steps</span>
            </div> <!-- main-panel-header rounded-window-top -->
            <div class="main-panel-content rounded-window-bottom">
              <div class="method">
                <div class="method-content">
                  <a name="Program_TestCase_06">
                  </a> <!-- Program_TestCase_06 -->
                  <span class="method-name">Program_TestCase_06</span>
                  <div class="stack-trace">org.openqa.selenium.SessionNotCreatedException: session not created exception
from chrome not reachable
  (Session info: chrome=83.0.4103.61)
  (Driver info: chromedriver=2.41.578737 (49da6702b16031c40d63e5618de03a32ff6c197e),platform=Windows NT 10.0.18362 x86_64) (WARNING: The server did not provide any stacktrace information)
Command duration or timeout: 14.72 seconds
Build info: version: &apos;3.13.0&apos;, revision: &apos;2f0d292&apos;, time: &apos;2018-06-25T15:24:21.231Z&apos;
System info: host: &apos;DESKTOP-C0CNHNA&apos;, ip: &apos;192.168.43.101&apos;, os.name: &apos;Windows 10&apos;, os.arch: &apos;amd64&apos;, os.version: &apos;10.0&apos;, java.version: &apos;1.8.0_231&apos;
Driver info: driver.version: ChromeDriver
	at org.openqa.selenium.remote.ErrorHandler.createThrowable(ErrorHandler.java:214)
	at org.openqa.selenium.remote.ErrorHandler.throwIfResponseFailed(ErrorHandler.java:166)
	at org.openqa.selenium.remote.JsonWireProtocolResponse.lambda$new$0(JsonWireProtocolResponse.java:53)
	at org.openqa.selenium.remote.JsonWireProtocolResponse.lambda$getResponseFunction$2(JsonWireProtocolResponse.java:91)
	at org.openqa.selenium.remote.ProtocolHandshake.lambda$createSession$0(ProtocolHandshake.java:123)
	at java.util.stream.ReferencePipeline$3$1.accept(Unknown Source)
	at java.util.Spliterators$ArraySpliterator.tryAdvance(Unknown Source)
	at java.util.stream.ReferencePipeline.forEachWithCancel(Unknown Source)
	at java.util.stream.AbstractPipeline.copyIntoWithCancel(Unknown Source)
	at java.util.stream.AbstractPipeline.copyInto(Unknown Source)
	at java.util.stream.AbstractPipeline.wrapAndCopyInto(Unknown Source)
	at java.util.stream.FindOps$FindOp.evaluateSequential(Unknown Source)
	at java.util.stream.AbstractPipeline.evaluate(Unknown Source)
	at java.util.stream.ReferencePipeline.findFirst(Unknown Source)
	at org.openqa.selenium.remote.ProtocolHandshake.createSession(ProtocolHandshake.java:126)
	at org.openqa.selenium.remote.ProtocolHandshake.createSession(ProtocolHandshake.java:73)
	at org.openqa.selenium.remote.HttpCommandExecutor.execute(HttpCommandExecutor.java:136)
	at org.openqa.selenium.remote.service.DriverCommandExecutor.execute(DriverCommandExecutor.java:83)
	at org.openqa.selenium.remote.RemoteWebDriver.execute(RemoteWebDriver.java:548)
	at org.openqa.selenium.remote.RemoteWebDriver.startSession(RemoteWebDriver.java:212)
	at org.openqa.selenium.remote.RemoteWebDriver.&lt;init&gt;(RemoteWebDriver.java:130)
	at org.openqa.selenium.chrome.ChromeDriver.&lt;init&gt;(ChromeDriver.java:181)
	at org.openqa.selenium.chrome.ChromeDriver.&lt;init&gt;(ChromeDriver.java:147)
	at com.automation.init.BSB_SeleniumInit.setUp(BSB_SeleniumInit.java:203)
	at java.util.concurrent.FutureTask.run(Unknown Source)
	at java.util.concurrent.ThreadPoolExecutor.runWorker(Unknown Source)
	at java.util.concurrent.ThreadPoolExecutor$Worker.run(Unknown Source)
	at java.lang.Thread.run(Unknown Source)
... Removed 23 stack frames
</div> <!-- stack-trace -->
                </div> <!-- method-content -->
              </div> <!-- method -->
              <div class="method">
                <div class="method-content">
                  <a name="Program_TestCase_06">
                  </a> <!-- Program_TestCase_06 -->
                  <span class="method-name">Program_TestCase_06</span>
                  <div class="stack-trace">org.openqa.selenium.StaleElementReferenceException: stale element reference: element is not attached to the page document
  (Session info: chrome=83.0.4103.61)
  (Driver info: chromedriver=2.41.578737 (49da6702b16031c40d63e5618de03a32ff6c197e),platform=Windows NT 10.0.18362 x86_64) (WARNING: The server did not provide any stacktrace information)
Command duration or timeout: 0 milliseconds
For documentation on this error, please visit: http://seleniumhq.org/exceptions/stale_element_reference.html
Build info: version: &apos;3.13.0&apos;, revision: &apos;2f0d292&apos;, time: &apos;2018-06-25T15:24:21.231Z&apos;
System info: host: &apos;DESKTOP-C0CNHNA&apos;, ip: &apos;192.168.43.101&apos;, os.name: &apos;Windows 10&apos;, os.arch: &apos;amd64&apos;, os.version: &apos;10.0&apos;, java.version: &apos;1.8.0_231&apos;
Driver info: org.openqa.selenium.chrome.ChromeDriver
Capabilities {acceptInsecureCerts: false, acceptSslCerts: false, applicationCacheEnabled: false, browserConnectionEnabled: false, browserName: chrome, chrome: {chromedriverVersion: 2.41.578737 (49da6702b16031..., userDataDir: C:\Users\Admin\AppData\Loca...}, cssSelectorsEnabled: true, databaseEnabled: false, goog:chromeOptions: {debuggerAddress: localhost:58635}, handlesAlerts: true, hasTouchScreen: false, javascriptEnabled: true, locationContextEnabled: true, mobileEmulationEnabled: false, nativeEvents: true, networkConnectionEnabled: false, pageLoadStrategy: normal, platform: XP, platformName: XP, rotatable: false, setWindowRect: true, takesHeapSnapshot: true, takesScreenshot: true, unexpectedAlertBehaviour: , unhandledPromptBehavior: , version: 83.0.4103.61, webStorageEnabled: true}
Session ID: fb3d8efc0203abb54990ad2abb981b32
	at org.openqa.selenium.remote.ErrorHandler.createThrowable(ErrorHandler.java:214)
	at org.openqa.selenium.remote.ErrorHandler.throwIfResponseFailed(ErrorHandler.java:166)
	at org.openqa.selenium.remote.http.JsonHttpResponseCodec.reconstructValue(JsonHttpResponseCodec.java:40)
	at org.openqa.selenium.remote.http.AbstractHttpResponseCodec.decode(AbstractHttpResponseCodec.java:80)
	at org.openqa.selenium.remote.http.AbstractHttpResponseCodec.decode(AbstractHttpResponseCodec.java:44)
	at org.openqa.selenium.remote.HttpCommandExecutor.execute(HttpCommandExecutor.java:158)
	at org.openqa.selenium.remote.service.DriverCommandExecutor.execute(DriverCommandExecutor.java:83)
	at org.openqa.selenium.remote.RemoteWebDriver.execute(RemoteWebDriver.java:548)
	at org.openqa.selenium.remote.RemoteWebElement.execute(RemoteWebElement.java:276)
	at org.openqa.selenium.remote.RemoteWebElement.isDisplayed(RemoteWebElement.java:317)
	at org.openqa.selenium.support.pagefactory.internal.LocatingElementHandler.invoke(LocatingElementHandler.java:51)
	at com.sun.proxy.$Proxy10.isDisplayed(Unknown Source)
	at org.openqa.selenium.support.ui.ExpectedConditions.elementIfVisible(ExpectedConditions.java:315)
	at org.openqa.selenium.support.ui.ExpectedConditions.access$100(ExpectedConditions.java:44)
	at org.openqa.selenium.support.ui.ExpectedConditions$10.apply(ExpectedConditions.java:301)
	at org.openqa.selenium.support.ui.ExpectedConditions$10.apply(ExpectedConditions.java:298)
	at org.openqa.selenium.support.ui.ExpectedConditions$23.apply(ExpectedConditions.java:686)
	at org.openqa.selenium.support.ui.ExpectedConditions$23.apply(ExpectedConditions.java:682)
	at org.openqa.selenium.support.ui.FluentWait.until(FluentWait.java:248)
	at com.automation.utility.funcs.waitforelementclickable(funcs.java:50)
	at com.automation.utility.funcs.clickon_element(funcs.java:132)
	at com.automation.indexpage.Logic.add_Division_Details(Logic.java:515)
	at com.automation.index.Steps.Program_TestCase_06(Steps.java:149)
	at java.util.concurrent.FutureTask.run(Unknown Source)
	at java.util.concurrent.ThreadPoolExecutor.runWorker(Unknown Source)
	at java.util.concurrent.ThreadPoolExecutor$Worker.run(Unknown Source)
	at java.lang.Thread.run(Unknown Source)
... Removed 23 stack frames
</div> <!-- stack-trace -->
                </div> <!-- method-content -->
              </div> <!-- method -->
            </div> <!-- main-panel-content rounded-window-bottom -->
          </div> <!-- suite-BSB_Functional_TestCases_Suite-class-skipped -->
        </div> <!-- panel BSB_Functional_TestCases_Suite -->
        <div panel-name="test-xml-BSB_Functional_TestCases_Suite" class="panel">
          <div class="main-panel-header rounded-window-top">
            <span class="header-content">C:\Users\Admin\eclipse-workspace\BSB1v\Build\BSB_Package_Index.xml</span>
          </div> <!-- main-panel-header rounded-window-top -->
          <div class="main-panel-content rounded-window-bottom">
            <pre>
&lt;?xml version=&quot;1.0&quot; encoding=&quot;UTF-8&quot;?&gt;
&lt;!DOCTYPE suite SYSTEM &quot;http://testng.org/testng-1.0.dtd&quot;&gt;
&lt;suite thread-count=&quot;1&quot; verbose=&quot;0&quot; name=&quot;BSB_Functional_TestCases_Suite&quot; parallel=&quot;tests&quot;&gt;
  &lt;parameter name=&quot;selenium.port&quot; value=&quot;4444&quot;/&gt;
  &lt;parameter name=&quot;selenium.host&quot; value=&quot;localhost&quot;/&gt;
  &lt;parameter name=&quot;selenium.browser&quot; value=&quot;chrome&quot;/&gt;
  &lt;parameter name=&quot;selenium.url&quot; value=&quot;&quot;/&gt;
  &lt;listeners&gt;
    &lt;listener class-name=&quot;com.automation.utility.BSB_TestListener&quot;/&gt;
    &lt;listener class-name=&quot;com.automation.utility.BSB_AnnotationTransformer&quot;/&gt;
    &lt;listener class-name=&quot;com.automation.utility.BSB_RetryListenerClass&quot;/&gt;
  &lt;/listeners&gt;
  &lt;test thread-count=&quot;1&quot; verbose=&quot;0&quot; name=&quot;BSB_Login_Module_TestCases&quot; parallel=&quot;tests&quot;&gt;
    &lt;classes&gt;
      &lt;class name=&quot;com.automation.index.Steps&quot;&gt;
        &lt;methods&gt;
          &lt;include name=&quot;Program_TestCase_06&quot;/&gt;
        &lt;/methods&gt;
      &lt;/class&gt; &lt;!-- com.automation.index.Steps --&gt;
    &lt;/classes&gt;
  &lt;/test&gt; &lt;!-- BSB_Login_Module_TestCases --&gt;
&lt;/suite&gt; &lt;!-- BSB_Functional_TestCases_Suite --&gt;
            </pre>
          </div> <!-- main-panel-content rounded-window-bottom -->
        </div> <!-- panel -->
        <div panel-name="testlist-BSB_Functional_TestCases_Suite" class="panel">
          <div class="main-panel-header rounded-window-top">
            <span class="header-content">Tests for BSB_Functional_TestCases_Suite</span>
          </div> <!-- main-panel-header rounded-window-top -->
          <div class="main-panel-content rounded-window-bottom">
            <ul>
              <li>
                <span class="test-name">BSB_Login_Module_TestCases (1 class)</span>
              </li>
            </ul>
          </div> <!-- main-panel-content rounded-window-bottom -->
        </div> <!-- panel -->
        <div panel-name="group-BSB_Functional_TestCases_Suite" class="panel">
          <div class="main-panel-header rounded-window-top">
            <span class="header-content">Groups for BSB_Functional_TestCases_Suite</span>
          </div> <!-- main-panel-header rounded-window-top -->
          <div class="main-panel-content rounded-window-bottom">
            <div class="test-group">
              <span class="test-group-name">program</span>
              <br/>
              <div class="method-in-group">
                <span class="method-in-group-name">Program_TestCase_06</span>
                <br/>
              </div> <!-- method-in-group -->
            </div> <!-- test-group -->
          </div> <!-- main-panel-content rounded-window-bottom -->
        </div> <!-- panel -->
        <div panel-name="times-BSB_Functional_TestCases_Suite" class="panel">
          <div class="main-panel-header rounded-window-top">
            <span class="header-content">Times for BSB_Functional_TestCases_Suite</span>
          </div> <!-- main-panel-header rounded-window-top -->
          <div class="main-panel-content rounded-window-bottom">
            <div class="times-div">
              <script type="text/javascript">
suiteTableInitFunctions.push('tableData_BSB_Functional_TestCases_Suite');
function tableData_BSB_Functional_TestCases_Suite() {
var data = new google.visualization.DataTable();
data.addColumn('number', 'Number');
data.addColumn('string', 'Method');
data.addColumn('string', 'Class');
data.addColumn('number', 'Time (ms)');
data.addRows(2);
data.setCell(0, 0, 0)
data.setCell(0, 1, 'Program_TestCase_06')
data.setCell(0, 2, 'com.automation.index.Steps')
data.setCell(0, 3, 345171);
data.setCell(1, 0, 1)
data.setCell(1, 1, 'Program_TestCase_06')
data.setCell(1, 2, 'com.automation.index.Steps')
data.setCell(1, 3, 0);
window.suiteTableData['BSB_Functional_TestCases_Suite']= { tableData: data, tableDiv: 'times-div-BSB_Functional_TestCases_Suite'}
return data;
}
              </script>
              <span class="suite-total-time">Total running time: 5 minutes</span>
              <div id="times-div-BSB_Functional_TestCases_Suite">
              </div> <!-- times-div-BSB_Functional_TestCases_Suite -->
            </div> <!-- times-div -->
          </div> <!-- main-panel-content rounded-window-bottom -->
        </div> <!-- panel -->
        <div panel-name="reporter-BSB_Functional_TestCases_Suite" class="panel">
          <div class="main-panel-header rounded-window-top">
            <span class="header-content">Reporter output for BSB_Functional_TestCases_Suite</span>
          </div> <!-- main-panel-header rounded-window-top -->
          <div class="main-panel-content rounded-window-bottom">
            <div class="reporter-method-div">
              <span class="reporter-method-name">Program_TestCase_06</span>
              <div class="reporter-method-output-div">
                <span class="reporter-method-output"><br><b>Please look to the screenshot - </b></span>
                <span class="reporter-method-output"></br>&nbsp;&nbsp;&nbsp;&nbsp;<br><Strong><font color=#FF0000>--Failed</font></strong></br></span>
                <span class="reporter-method-output"></br>&nbsp;&nbsp;&nbsp;&nbsp;<a href='screenshots/0530153631289Program_TestCase_06.png' target='_new'>0530153631289Program_TestCase_06.png</a></br></span>
              </div> <!-- reporter-method-output-div -->
            </div> <!-- reporter-method-div -->
          </div> <!-- main-panel-content rounded-window-bottom -->
        </div> <!-- panel -->
        <div panel-name="ignored-methods-BSB_Functional_TestCases_Suite" class="panel">
          <div class="main-panel-header rounded-window-top">
            <span class="header-content">6 ignored methods</span>
          </div> <!-- main-panel-header rounded-window-top -->
          <div class="main-panel-content rounded-window-bottom">
            <div class="ignored-class-div">
              <span class="ignored-class-name">com.automation.index.Steps</span>
              <div class="ignored-methods-div">
                <span class="ignored-method-name">Program_TestCase_04</span>
                <br/>
                <span class="ignored-method-name">Portal_Creation_TestCase_01</span>
                <br/>
                <span class="ignored-method-name">Program_TestCase_01</span>
                <br/>
                <span class="ignored-method-name">Program_TestCase_03</span>
                <br/>
                <span class="ignored-method-name">Program_TestCase_05</span>
                <br/>
                <span class="ignored-method-name">Program_TestCase_02</span>
                <br/>
              </div> <!-- ignored-methods-div -->
            </div> <!-- ignored-class-div -->
          </div> <!-- main-panel-content rounded-window-bottom -->
        </div> <!-- panel -->
        <div panel-name="chronological-BSB_Functional_TestCases_Suite" class="panel">
          <div class="main-panel-header rounded-window-top">
            <span class="header-content">Methods in chronological order</span>
          </div> <!-- main-panel-header rounded-window-top -->
          <div class="main-panel-content rounded-window-bottom">
            <div class="chronological-class">
              <div class="chronological-class-name">com.automation.index.Steps</div> <!-- chronological-class-name -->
              <div class="test-method">
                <span class="method-name">Program_TestCase_06</span>
                <span class="method-start">0 ms</span>
              </div> <!-- test-method -->
              <div class="configuration-suite before">
                <span class="method-name">fetchSuiteConfiguration(org.testng.TestRunner@23afcb5d)</span>
                <span class="method-start">0 ms</span>
              </div> <!-- configuration-suite before -->
              <div class="configuration-test before">
                <span class="method-name">fetchSuiteConfiguration(org.testng.TestRunner@23afcb5d)</span>
                <span class="method-start">18 ms</span>
              </div> <!-- configuration-test before -->
              <div class="configuration-method before">
                <span class="method-name">setUp(public void com.automation.index.Steps.Program_TestCase_06(), org.testng.TestRunner@23afcb5d)</span>
                <span class="method-start">29 ms</span>
              </div> <!-- configuration-method before -->
              <div class="test-method">
                <span class="method-name">Program_TestCase_06</span>
                <span class="method-start">10444 ms</span>
              </div> <!-- test-method -->
              <div class="configuration-method after">
                <span class="method-name">tearDown([TestResult name=Program_TestCase_06 status=SKIP method=Steps.Program_TestCase_06()[pri:0, instance:...)</span>
                <span class="method-start">356489 ms</span>
              </div> <!-- configuration-method after -->
              <div class="configuration-method before">
                <img src="failed.png">
                </img>
                <span class="method-name">setUp(public void com.automation.index.Steps.Program_TestCase_06(), org.testng.TestRunner@23afcb5d)</span>
                <span class="method-start">357848 ms</span>
              </div> <!-- configuration-method before -->
              <div class="configuration-method after">
                <span class="method-name">tearDown([TestResult name={null} status=CREATED method=Steps.Program_TestCase_06()[pri:0, instance:com.automa...)</span>
                <span class="method-start">373118 ms</span>
              </div> <!-- configuration-method after -->
          </div> <!-- main-panel-content rounded-window-bottom -->
        </div> <!-- panel -->
      </div> <!-- main-panel-root -->
    </div> <!-- wrapper -->
  </body>
</html>
