<?xml version="1.0" encoding="UTF-8"?>
<!-- Generated by org.testng.reporters.JUnitXMLReporter -->
<testsuite hostname="DESKTOP-C0CNHNA" ignored="6" name="BSB_Login_Module_TestCases" tests="2" failures="0" timestamp="30 May 2020 10:06:47 GMT" time="373.103" errors="0">
  <testcase name="@BeforeMethod setUp" time="15.261" classname="com.automation.init.BSB_SeleniumInit">
    <failure type="org.openqa.selenium.SessionNotCreatedException" message="session not created exception
from chrome not reachable
  (Session info: chrome=83.0.4103.61)
  (Driver info: chromedriver=2.41.578737 (49da6702b16031c40d63e5618de03a32ff6c197e),platform=Windows NT 10.0.18362 x86_64) (WARNING: The server did not provide any stacktrace information)
Command duration or timeout: 14.72 seconds
Build info: version: &amp;apos;3.13.0&amp;apos;, revision: &amp;apos;2f0d292&amp;apos;, time: &amp;apos;2018-06-25T15:24:21.231Z&amp;apos;
System info: host: &amp;apos;DESKTOP-C0CNHNA&amp;apos;, ip: &amp;apos;192.168.43.101&amp;apos;, os.name: &amp;apos;Windows 10&amp;apos;, os.arch: &amp;apos;amd64&amp;apos;, os.version: &amp;apos;10.0&amp;apos;, java.version: &amp;apos;1.8.0_231&amp;apos;
Driver info: driver.version: ChromeDriver">
      <![CDATA[org.openqa.selenium.SessionNotCreatedException: session not created exception
from chrome not reachable
  (Session info: chrome=83.0.4103.61)
  (Driver info: chromedriver=2.41.578737 (49da6702b16031c40d63e5618de03a32ff6c197e),platform=Windows NT 10.0.18362 x86_64) (WARNING: The server did not provide any stacktrace information)
Command duration or timeout: 14.72 seconds
Build info: version: '3.13.0', revision: '2f0d292', time: '2018-06-25T15:24:21.231Z'
System info: host: 'DESKTOP-C0CNHNA', ip: '192.168.43.101', os.name: 'Windows 10', os.arch: 'amd64', os.version: '10.0', java.version: '1.8.0_231'
Driver info: driver.version: ChromeDriver
at org.openqa.selenium.remote.ErrorHandler.createThrowable(ErrorHandler.java:214)
at org.openqa.selenium.remote.ErrorHandler.throwIfResponseFailed(ErrorHandler.java:166)
at org.openqa.selenium.remote.JsonWireProtocolResponse.lambda$new$0(JsonWireProtocolResponse.java:53)
at org.openqa.selenium.remote.JsonWireProtocolResponse.lambda$getResponseFunction$2(JsonWireProtocolResponse.java:91)
at org.openqa.selenium.remote.ProtocolHandshake.lambda$createSession$0(ProtocolHandshake.java:123)
at java.util.stream.ReferencePipeline$3$1.accept(Unknown Source)
at java.util.Spliterators$ArraySpliterator.tryAdvance(Unknown Source)
at java.util.stream.ReferencePipeline.forEachWithCancel(Unknown Source)
at java.util.stream.AbstractPipeline.copyIntoWithCancel(Unknown Source)
at java.util.stream.AbstractPipeline.copyInto(Unknown Source)
at java.util.stream.AbstractPipeline.wrapAndCopyInto(Unknown Source)
at java.util.stream.FindOps$FindOp.evaluateSequential(Unknown Source)
at java.util.stream.AbstractPipeline.evaluate(Unknown Source)
at java.util.stream.ReferencePipeline.findFirst(Unknown Source)
at org.openqa.selenium.remote.ProtocolHandshake.createSession(ProtocolHandshake.java:126)
at org.openqa.selenium.remote.ProtocolHandshake.createSession(ProtocolHandshake.java:73)
at org.openqa.selenium.remote.HttpCommandExecutor.execute(HttpCommandExecutor.java:136)
at org.openqa.selenium.remote.service.DriverCommandExecutor.execute(DriverCommandExecutor.java:83)
at org.openqa.selenium.remote.RemoteWebDriver.execute(RemoteWebDriver.java:548)
at org.openqa.selenium.remote.RemoteWebDriver.startSession(RemoteWebDriver.java:212)
at org.openqa.selenium.remote.RemoteWebDriver.<init>(RemoteWebDriver.java:130)
at org.openqa.selenium.chrome.ChromeDriver.<init>(ChromeDriver.java:181)
at org.openqa.selenium.chrome.ChromeDriver.<init>(ChromeDriver.java:147)
at com.automation.init.BSB_SeleniumInit.setUp(BSB_SeleniumInit.java:203)
at java.util.concurrent.FutureTask.run(Unknown Source)
at java.util.concurrent.ThreadPoolExecutor.runWorker(Unknown Source)
at java.util.concurrent.ThreadPoolExecutor$Worker.run(Unknown Source)
at java.lang.Thread.run(Unknown Source)
... Removed 23 stack frames]]>
    </failure>
  </testcase> <!-- @BeforeMethod setUp -->
  <testcase name="Program_TestCase_06" time="345.171" classname="com.automation.index.Steps">
    <skipped/>
  </testcase> <!-- Program_TestCase_06 -->
  <testcase name="Program_TestCase_06" time="0.0" classname="com.automation.index.Steps">
    <skipped/>
  </testcase> <!-- Program_TestCase_06 -->
  <testcase name="Program_TestCase_04" time="0.0" classname="com.automation.index.Steps">
    <ignored/>
  </testcase> <!-- Program_TestCase_04 -->
  <testcase name="Portal_Creation_TestCase_01" time="0.0" classname="com.automation.index.Steps">
    <ignored/>
  </testcase> <!-- Portal_Creation_TestCase_01 -->
  <testcase name="Program_TestCase_01" time="0.0" classname="com.automation.index.Steps">
    <ignored/>
  </testcase> <!-- Program_TestCase_01 -->
  <testcase name="Program_TestCase_03" time="0.0" classname="com.automation.index.Steps">
    <ignored/>
  </testcase> <!-- Program_TestCase_03 -->
  <testcase name="Program_TestCase_05" time="0.0" classname="com.automation.index.Steps">
    <ignored/>
  </testcase> <!-- Program_TestCase_05 -->
  <testcase name="Program_TestCase_02" time="0.0" classname="com.automation.index.Steps">
    <ignored/>
  </testcase> <!-- Program_TestCase_02 -->
</testsuite> <!-- BSB_Login_Module_TestCases -->
